<?xml version="1.0" encoding="UTF-8"?>
<testng-results ignored="0" total="1" passed="1" failed="0" skipped="0">
  <reporter-output>
  </reporter-output>
  <suite started-at="2021-05-20T19:28:03 IST" name="helloworld_amit.TestHelloWorld" finished-at="2021-05-20T19:28:03 IST" duration-ms="27">
    <groups>
    </groups>
    <test started-at="2021-05-20T19:28:03 IST" name="Command line test" finished-at="2021-05-20T19:28:03 IST" duration-ms="27">
      <class name="helloworld_amit.TestHelloWorld">
        <test-method signature="testHelloWorld()[pri:0, instance:helloworld_amit.TestHelloWorld@37374a5e]" started-at="2021-05-20T19:28:03 IST" name="testHelloWorld" finished-at="2021-05-20T19:28:03 IST" duration-ms="3" status="PASS">
          <reporter-output>
          </reporter-output>
        </test-method> <!-- testHelloWorld -->
      </class> <!-- helloworld_amit.TestHelloWorld -->
    </test> <!-- Command line test -->
  </suite> <!-- helloworld_amit.TestHelloWorld -->
</testng-results>
