<?xml version="1.0" encoding="UTF-8"?>
<testng-results ignored="0" total="1" passed="1" failed="0" skipped="0">
  <reporter-output>
  </reporter-output>
  <suite started-at="2021-05-20T19:09:50 IST" name="Suite" finished-at="2021-05-20T19:09:50 IST" duration-ms="48">
    <groups>
    </groups>
    <test started-at="2021-05-20T19:09:50 IST" name="Test" finished-at="2021-05-20T19:09:50 IST" duration-ms="48">
      <class name="helloworld_amit.TestHelloWorld">
        <test-method signature="testHelloWorld()[pri:0, instance:helloworld_amit.TestHelloWorld@358ee631]" started-at="2021-05-20T19:09:50 IST" name="testHelloWorld" finished-at="2021-05-20T19:09:50 IST" duration-ms="15" status="PASS">
          <reporter-output>
          </reporter-output>
        </test-method> <!-- testHelloWorld -->
      </class> <!-- helloworld_amit.TestHelloWorld -->
    </test> <!-- Test -->
  </suite> <!-- Suite -->
</testng-results>
